<?xml version="1.0" encoding="UTF-8"?>
<testng-results skipped="0" failed="0" ignored="0" total="1" passed="1">
  <reporter-output>
  </reporter-output>
  <suite name="Default suite" duration-ms="4964" started-at="2018-05-24T17:59:19Z" finished-at="2018-05-24T17:59:24Z">
    <groups>
    </groups>
    <test name="Default test" duration-ms="4964" started-at="2018-05-24T17:59:19Z" finished-at="2018-05-24T17:59:24Z">
      <class name="test.PTestCase2">
        <test-method status="PASS" signature="setUp()[pri:0, instance:test.PTestCase2@4b9e13df]" name="setUp" is-config="true" duration-ms="1684" started-at="2018-05-24T17:59:19Z" finished-at="2018-05-24T17:59:20Z">
          <reporter-output>
          </reporter-output>
        </test-method> <!-- setUp -->
        <test-method status="PASS" signature="setUp()[pri:0, instance:test.PTestCase2@4b9e13df]" name="setUp" is-config="true" duration-ms="883" started-at="2018-05-24T17:59:20Z" finished-at="2018-05-24T17:59:21Z">
          <reporter-output>
          </reporter-output>
        </test-method> <!-- setUp -->
        <test-method status="PASS" signature="day2TestCase1()[pri:0, instance:test.PTestCase2@4b9e13df]" name="day2TestCase1" duration-ms="2290" started-at="2018-05-24T17:59:21Z" finished-at="2018-05-24T17:59:24Z">
          <reporter-output>
          </reporter-output>
        </test-method> <!-- day2TestCase1 -->
        <test-method status="PASS" signature="tearDown()[pri:0, instance:test.PTestCase2@4b9e13df]" name="tearDown" is-config="true" duration-ms="83" started-at="2018-05-24T17:59:24Z" finished-at="2018-05-24T17:59:24Z">
          <reporter-output>
          </reporter-output>
        </test-method> <!-- tearDown -->
      </class> <!-- test.PTestCase2 -->
    </test> <!-- Default test -->
  </suite> <!-- Default suite -->
</testng-results>
